#-----------------------------------------------------------
# Vivado v2020.1 (64-bit)
# SW Build 2902540 on Wed May 27 19:54:49 MDT 2020
# IP Build 2902112 on Wed May 27 22:43:36 MDT 2020
# Start of session at: Wed Jun 16 14:55:23 2021
# Process ID: 19236
# Current directory: C:/Users/zhangtaoyuan/FPGA/Expr9_CPU3
# Command line: vivado.exe -gui_launcher_event rodinguilauncherevent26692 C:\Users\zhangtaoyuan\FPGA\Expr9_CPU3\Expr8_CPU2.xpr
# Log file: C:/Users/zhangtaoyuan/FPGA/Expr9_CPU3/vivado.log
# Journal file: C:/Users/zhangtaoyuan/FPGA/Expr9_CPU3\vivado.jou
#-----------------------------------------------------------
start_gui
open_project C:/Users/zhangtaoyuan/FPGA/Expr9_CPU3/Expr8_CPU2.xpr
INFO: [Project 1-313] Project file moved from 'C:/Users/zhangtaoyuan/FPGA/Expr8_CPU2' since last save.
Scanning sources...
Finished scanning sources
INFO: [IP_Flow 19-234] Refreshing IP repositories
INFO: [IP_Flow 19-1704] No user IP repositories specified
INFO: [IP_Flow 19-2313] Loaded Vivado IP repository 'C:/Xilinx/Vivado/2020.1/data/ip'.
WARNING: [IP_Flow 19-3664] IP 'ROM_SP' generated file not found 'c:/Users/zhangtaoyuan/FPGA/Expr9_CPU3/Expr8_CPU2.srcs/sources_1/ip/ROM_SP/ROM_SP.dcp'. Please regenerate to continue.
WARNING: [IP_Flow 19-3664] IP 'ROM_SP' generated file not found 'c:/Users/zhangtaoyuan/FPGA/Expr9_CPU3/Expr8_CPU2.srcs/sources_1/ip/ROM_SP/ROM_SP_stub.v'. Please regenerate to continue.
WARNING: [IP_Flow 19-3664] IP 'ROM_SP' generated file not found 'c:/Users/zhangtaoyuan/FPGA/Expr9_CPU3/Expr8_CPU2.srcs/sources_1/ip/ROM_SP/ROM_SP_stub.vhdl'. Please regenerate to continue.
WARNING: [IP_Flow 19-3664] IP 'ROM_SP' generated file not found 'c:/Users/zhangtaoyuan/FPGA/Expr9_CPU3/Expr8_CPU2.srcs/sources_1/ip/ROM_SP/ROM_SP_sim_netlist.v'. Please regenerate to continue.
WARNING: [IP_Flow 19-3664] IP 'ROM_SP' generated file not found 'c:/Users/zhangtaoyuan/FPGA/Expr9_CPU3/Expr8_CPU2.srcs/sources_1/ip/ROM_SP/ROM_SP_sim_netlist.vhdl'. Please regenerate to continue.
open_project: Time (s): cpu = 00:00:29 ; elapsed = 00:00:11 . Memory (MB): peak = 1024.715 ; gain = 0.000
update_compile_order -fileset sources_1
exit
INFO: [Common 17-206] Exiting Vivado at Wed Jun 16 14:56:14 2021...
